{"level":"info","message":"Slack app running on: 3000","service":"slack-game-library"}
{"level":"info","message":"Slack app running on: 3000","service":"slack-game-library"}
{"level":"info","message":"Slack app running on: 3000","service":"slack-game-library"}
{"level":"info","message":"Slack app running on: 3000","service":"slack-game-library"}
{"level":"info","message":"Slack app running on: 3000","service":"slack-game-library"}
{"level":"info","message":"Slack app running on: 3000","service":"slack-game-library"}
{"level":"info","message":"Slack app running on: 3000","service":"slack-game-library"}
{"level":"info","message":"Slack app running on: 3000","service":"slack-game-library"}
{"level":"info","message":"Slack app running on: 3000","service":"slack-game-library"}
{"level":"info","message":"Slack app running on: 3000","service":"slack-game-library"}
{"level":"info","message":"Slack app running on: 3000","service":"slack-game-library"}
{"level":"info","message":"Slack app running on: 3000","service":"slack-game-library"}
{"level":"info","message":"Slack app running on: 3000","service":"slack-game-library"}
{"level":"info","message":"Slack app running on: 3000","service":"slack-game-library"}
{"level":"info","message":"Slack app running on: 3000","service":"slack-game-library"}
{"level":"info","message":"Slack app running on: 3000","service":"slack-game-library"}
{"level":"info","message":"Slack app running on: 3000","service":"slack-game-library"}
{"level":"info","message":"Slack app running on: 3000","service":"slack-game-library"}
{"level":"info","message":"Slack app running on: 3000","service":"slack-game-library"}
{"level":"info","message":"Slack app running on: 3000","service":"slack-game-library"}
{"level":"info","message":"Slack app running on: 3000","service":"slack-game-library"}
{"level":"info","message":"Slack app running on: 3000","service":"slack-game-library"}
{"level":"info","message":"Slack app running on: 3000","service":"slack-game-library"}
{"level":"info","message":"Slack app running on: 3000","service":"slack-game-library"}
{"level":"info","message":"7036638724818.2210535565.86b452821df93d88f5d65709e705f489","service":"slack-game-library"}
{"level":"info","message":"Slack app running on: 3000","service":"slack-game-library"}
{"level":"info","message":"Slack app running on: 3000","service":"slack-game-library"}
{"level":"info","message":"Slack app running on: 3000","service":"sgl"}
{"level":"info","message":"[\"Going to establish a new connection to Slack ...\"]","service":"sgl-slack"}
{"level":"info","message":"[\"Now connected to Slack\"]","service":"sgl-slack"}
{"level":"info","message":"Slack app running on: 3000","service":"sgl"}
{"level":"info","message":"[\"Going to establish a new connection to Slack ...\"]","service":"sgl-slack"}
{"level":"info","message":"[\"Now connected to Slack\"]","service":"sgl-slack"}
{"level":"info","message":"Slack app running on: 3000","service":"sgl"}
{"level":"info","message":"[\"Going to establish a new connection to Slack ...\"]","service":"sgl-slack"}
{"level":"info","message":"[\"Now connected to Slack\"]","service":"sgl-slack"}
{"level":"info","message":"Slack app running on: 3000","service":"sgl"}
{"level":"info","message":"[\"Going to establish a new connection to Slack ...\"]","service":"sgl-slack"}
{"level":"info","message":"[\"Now connected to Slack\"]","service":"sgl-slack"}
{"level":"info","message":"Slack app running on: 3000","service":"sgl"}
{"level":"info","message":"[\"Going to establish a new connection to Slack ...\"]","service":"sgl-slack"}
{"level":"info","message":"[\"Now connected to Slack\"]","service":"sgl-slack"}
{"level":"info","message":"Slack app running on: 3000","service":"sgl"}
{"level":"info","message":"[\"Going to establish a new connection to Slack ...\"]","service":"sgl-slack"}
{"level":"info","message":"[\"Now connected to Slack\"]","service":"sgl-slack"}
{"level":"info","message":"Slack app running on: 3000","service":"sgl"}
{"level":"info","message":"[\"Going to establish a new connection to Slack ...\"]","service":"sgl-slack"}
{"level":"info","message":"[\"Now connected to Slack\"]","service":"sgl-slack"}
{"level":"info","message":"Slack app running on: 3000","service":"sgl"}
{"level":"info","message":"[\"Going to establish a new connection to Slack ...\"]","service":"sgl-slack"}
{"level":"info","message":"[\"Now connected to Slack\"]","service":"sgl-slack"}
{"level":"info","message":"Slack app running on: 3000","service":"sgl"}
{"level":"info","message":"[\"Going to establish a new connection to Slack ...\"]","service":"sgl-slack"}
{"level":"info","message":"[\"Now connected to Slack\"]","service":"sgl-slack"}
{"level":"info","message":"Slack app running on: 3000","service":"sgl"}
{"level":"info","message":"[\"Going to establish a new connection to Slack ...\"]","service":"sgl-slack"}
{"level":"info","message":"[\"Now connected to Slack\"]","service":"sgl-slack"}
{"level":"info","message":"Slack app running on: 3000","service":"sgl"}
{"level":"info","message":"[\"Going to establish a new connection to Slack ...\"]","service":"sgl-slack"}
{"level":"info","message":"[\"Now connected to Slack\"]","service":"sgl-slack"}
{"level":"info","message":"Slack app running on: 3000","service":"sgl-main"}
{"level":"info","message":"[\"Going to establish a new connection to Slack ...\"]","service":"sgl-slack"}
{"level":"info","message":"[\"Now connected to Slack\"]","service":"sgl-slack"}
{"level":"info","message":"Slack app running on: 3000","service":"sgl-main"}
{"level":"info","message":"[\"Going to establish a new connection to Slack ...\"]","service":"sgl-slack"}
{"level":"info","message":"[\"Now connected to Slack\"]","service":"sgl-slack"}
{"level":"info","message":"Slack app running on: 3000","service":"sgl-main"}
{"level":"info","message":"[\"Going to establish a new connection to Slack ...\"]","service":"sgl-slack"}
{"level":"info","message":"[\"Now connected to Slack\"]","service":"sgl-slack"}
{"level":"info","message":"Slack app running on: 3000","service":"sgl-main"}
{"level":"info","message":"[\"Going to establish a new connection to Slack ...\"]","service":"sgl-slack"}
{"level":"info","message":"[\"Now connected to Slack\"]","service":"sgl-slack"}
{"level":"info","message":"Slack app running on: 3000","service":"sgl-main"}
{"level":"info","message":"[\"Going to establish a new connection to Slack ...\"]","service":"sgl-slack"}
{"level":"info","message":"[\"Now connected to Slack\"]","service":"sgl-slack"}
{"level":"info","message":"Slack app running on: 3000","service":"sgl-main"}
{"level":"info","message":"[\"Going to establish a new connection to Slack ...\"]","service":"sgl-slack"}
{"level":"info","message":"[\"Now connected to Slack\"]","service":"sgl-slack"}
{"level":"info","message":"Slack app running on: 3000","service":"sgl-main"}
{"level":"info","message":"[\"Going to establish a new connection to Slack ...\"]","service":"sgl-slack"}
{"level":"info","message":"[\"Now connected to Slack\"]","service":"sgl-slack"}
{"level":"info","message":"Slack app running on: 3000","service":"sgl-main"}
{"level":"info","message":"[\"Going to establish a new connection to Slack ...\"]","service":"sgl-slack"}
{"level":"info","message":"[\"Now connected to Slack\"]","service":"sgl-slack"}
{"level":"info","message":"Slack app running on: 3000","service":"sgl-main"}
{"level":"info","message":"[\"Going to establish a new connection to Slack ...\"]","service":"sgl-slack"}
{"level":"info","message":"[\"Now connected to Slack\"]","service":"sgl-slack"}
{"level":"info","message":"Slack app running on: 3000","service":"sgl-main"}
{"level":"info","message":"[\"Going to establish a new connection to Slack ...\"]","service":"sgl-slack"}
{"level":"info","message":"[\"Now connected to Slack\"]","service":"sgl-slack"}
{"level":"info","message":"Slack app running on: 3000","service":"sgl-main"}
{"level":"info","message":"[\"Going to establish a new connection to Slack ...\"]","service":"sgl-slack"}
{"level":"info","message":"[\"Now connected to Slack\"]","service":"sgl-slack"}
{"level":"info","message":"Slack app running on: 3000","service":"sgl-main"}
{"level":"info","message":"[\"Going to establish a new connection to Slack ...\"]","service":"sgl-slack"}
{"level":"info","message":"[\"Now connected to Slack\"]","service":"sgl-slack"}
{"level":"info","message":"Slack Game Library v0.0.1","service":"sgl-main"}
{"level":"info","message":"Slack app running on: 3000","service":"sgl-main"}
{"level":"info","message":"[\"Going to establish a new connection to Slack ...\"]","service":"sgl-slack"}
{"level":"info","message":"[\"Now connected to Slack\"]","service":"sgl-slack"}
{"level":"info","message":"Slack Game Library v0.0.1","service":"sgl-main"}
{"level":"info","message":"Slack app running on: 3000","service":"sgl-main"}
{"level":"info","message":"[\"Going to establish a new connection to Slack ...\"]","service":"sgl-slack"}
{"level":"info","message":"[\"Now connected to Slack\"]","service":"sgl-slack"}
{"level":"error","message":"[{\"code\":\"slack_bolt_unknown_error\",\"original\":{}}]","service":"sgl-slack"}
{"level":"error","message":"[\"An unhandled error occurred while Bolt processed (type: undefined, error: Error: AAAAAAAAAAa)\"]","service":"sgl-slack"}
{"level":"info","message":"Slack Game Library v0.0.1","service":"sgl-main"}
{"level":"info","message":"Slack app running on: 3000","service":"sgl-main"}
{"level":"info","message":"[\"Going to establish a new connection to Slack ...\"]","service":"sgl-slack"}
{"level":"info","message":"[\"Now connected to Slack\"]","service":"sgl-slack"}
{"level":"info","message":"Slack Game Library v0.0.1","service":"sgl-main"}
{"level":"info","message":"Slack app running on: 3000","service":"sgl-main"}
{"level":"info","message":"[\"Going to establish a new connection to Slack ...\"]","service":"sgl-slack"}
{"level":"info","message":"[\"Now connected to Slack\"]","service":"sgl-slack"}
{"level":"info","message":"Slack Game Library v0.0.1","service":"sgl-main"}
{"level":"info","message":"Slack app running on: 3000","service":"sgl-main"}
{"level":"info","message":"[\"Going to establish a new connection to Slack ...\"]","service":"sgl-slack"}
{"level":"info","message":"[\"Now connected to Slack\"]","service":"sgl-slack"}
{"level":"info","message":"Slack Game Library v0.0.1","service":"sgl-main"}
{"level":"info","message":"Slack app running on: 3000","service":"sgl-main"}
{"level":"info","message":"[\"Going to establish a new connection to Slack ...\"]","service":"sgl-slack"}
{"level":"info","message":"[\"Now connected to Slack\"]","service":"sgl-slack"}
{"level":"info","message":"Slack Game Library v0.0.1","service":"sgl-main"}
{"level":"info","message":"Slack app running on: 3000","service":"sgl-main"}
{"level":"info","message":"[\"Going to establish a new connection to Slack ...\"]","service":"sgl-slack"}
{"level":"info","message":"[\"Now connected to Slack\"]","service":"sgl-slack"}
{"level":"info","message":"Slack Game Library v0.0.1","service":"sgl-main"}
{"level":"info","message":"Slack app running on: 3000","service":"sgl-main"}
{"level":"info","message":"[\"Going to establish a new connection to Slack ...\"]","service":"sgl-slack"}
{"level":"info","message":"[\"Now connected to Slack\"]","service":"sgl-slack"}
{"level":"info","message":"Slack Game Library v0.0.1","service":"sgl-main"}
{"level":"info","message":"Slack app running on: 3000","service":"sgl-main"}
{"level":"info","message":"[\"Going to establish a new connection to Slack ...\"]","service":"sgl-slack"}
{"level":"info","message":"[\"Now connected to Slack\"]","service":"sgl-slack"}
{"level":"info","message":"[\"A pong wasn't received from the server before the timeout of 5000ms!\"]","service":"sgl-slack"}
{"level":"info","message":"[\"Reconnecting to Slack ...\"]","service":"sgl-slack"}
{"level":"info","message":"[\"Going to establish a new connection to Slack ...\"]","service":"sgl-slack"}
{"level":"warn","message":"[\"http request failed\",\"getaddrinfo ENOTFOUND slack.com\"]","service":"sgl-slack"}
{"level":"info","message":"[\"Reconnecting to Slack ...\"]","service":"sgl-slack"}
{"level":"info","message":"[\"Going to establish a new connection to Slack ...\"]","service":"sgl-slack"}
{"level":"info","message":"[\"Now connected to Slack\"]","service":"sgl-slack"}
{"level":"info","message":"Slack Game Library v0.0.1","service":"sgl-main"}
{"level":"info","message":"Slack app running on: 3000","service":"sgl-main"}
{"level":"info","message":"[\"Going to establish a new connection to Slack ...\"]","service":"sgl-slack"}
{"level":"info","message":"[\"Now connected to Slack\"]","service":"sgl-slack"}
{"level":"info","message":"Slack Game Library v0.0.1","service":"sgl-main"}
{"level":"info","message":"Slack app running on: 3000","service":"sgl-main"}
{"level":"info","message":"[\"Going to establish a new connection to Slack ...\"]","service":"sgl-slack"}
{"level":"info","message":"[\"Now connected to Slack\"]","service":"sgl-slack"}
{"level":"info","message":"Slack Game Library v0.0.1","service":"sgl-main"}
{"level":"info","message":"Slack app running on: 3000","service":"sgl-main"}
{"level":"info","message":"[\"Going to establish a new connection to Slack ...\"]","service":"sgl-slack"}
{"level":"info","message":"[\"Now connected to Slack\"]","service":"sgl-slack"}
{"level":"info","message":"Slack Game Library v0.0.1","service":"sgl-main"}
{"level":"info","message":"Slack app running on: 3000","service":"sgl-main"}
{"level":"info","message":"[\"Going to establish a new connection to Slack ...\"]","service":"sgl-slack"}
{"level":"info","message":"[\"Now connected to Slack\"]","service":"sgl-slack"}
{"level":"info","message":"Slack Game Library v0.0.1","service":"sgl-main"}
{"level":"info","message":"Slack app running on: 3000","service":"sgl-main"}
{"level":"info","message":"[\"Going to establish a new connection to Slack ...\"]","service":"sgl-slack"}
{"level":"info","message":"[\"Now connected to Slack\"]","service":"sgl-slack"}
{"level":"info","message":"Slack Game Library v0.0.1","service":"sgl-main"}
{"level":"info","message":"Slack app running on: 3000","service":"sgl-main"}
{"level":"info","message":"[\"Going to establish a new connection to Slack ...\"]","service":"sgl-slack"}
{"level":"info","message":"[\"Now connected to Slack\"]","service":"sgl-slack"}
{"level":"info","message":"Slack Game Library v0.0.1","service":"sgl-main"}
{"level":"info","message":"Slack app running on: 3000","service":"sgl-main"}
{"level":"info","message":"[\"Going to establish a new connection to Slack ...\"]","service":"sgl-slack"}
{"level":"info","message":"[\"Now connected to Slack\"]","service":"sgl-slack"}
{"level":"info","message":"[\"A pong wasn't received from the server before the timeout of 5000ms!\"]","service":"sgl-slack"}
{"level":"info","message":"[\"Reconnecting to Slack ...\"]","service":"sgl-slack"}
{"level":"info","message":"[\"Going to establish a new connection to Slack ...\"]","service":"sgl-slack"}
{"level":"warn","message":"[\"http request failed\",\"getaddrinfo ENOTFOUND slack.com\"]","service":"sgl-slack"}
{"level":"info","message":"[\"Reconnecting to Slack ...\"]","service":"sgl-slack"}
{"level":"info","message":"[\"Going to establish a new connection to Slack ...\"]","service":"sgl-slack"}
{"level":"info","message":"Slack Game Library v0.0.1","service":"sgl-main"}
{"level":"info","message":"Slack app running on: 3000","service":"sgl-main"}
{"level":"info","message":"[\"Going to establish a new connection to Slack ...\"]","service":"sgl-slack"}
{"level":"info","message":"[\"Now connected to Slack\"]","service":"sgl-slack"}
{"level":"info","message":"Slack Game Library v0.0.1","service":"sgl-main"}
{"level":"info","message":"Slack app running on: 3000","service":"sgl-main"}
{"level":"info","message":"[\"Going to establish a new connection to Slack ...\"]","service":"sgl-slack"}
{"level":"info","message":"[\"Now connected to Slack\"]","service":"sgl-slack"}
{"level":"info","message":"Slack Game Library v0.0.1","service":"sgl-main"}
{"level":"info","message":"Slack app running on: 3000","service":"sgl-main"}
{"level":"info","message":"[\"Going to establish a new connection to Slack ...\"]","service":"sgl-slack"}
{"level":"info","message":"[\"Now connected to Slack\"]","service":"sgl-slack"}
{"level":"info","message":"Slack Game Library v0.0.1","service":"sgl-main"}
{"level":"info","message":"Slack app running on: 3000","service":"sgl-main"}
{"level":"info","message":"[\"Going to establish a new connection to Slack ...\"]","service":"sgl-slack"}
{"level":"info","message":"[\"Now connected to Slack\"]","service":"sgl-slack"}
{"level":"info","message":"Slack Game Library v0.0.1","service":"sgl-main"}
{"level":"info","message":"Slack app running on: 3000","service":"sgl-main"}
{"level":"info","message":"[\"Going to establish a new connection to Slack ...\"]","service":"sgl-slack"}
{"level":"info","message":"[\"Now connected to Slack\"]","service":"sgl-slack"}
{"level":"info","message":"Slack Game Library v0.0.1","service":"sgl-main"}
{"level":"info","message":"Slack app running on: 3000","service":"sgl-main"}
{"level":"info","message":"[\"Going to establish a new connection to Slack ...\"]","service":"sgl-slack"}
{"level":"info","message":"[\"Now connected to Slack\"]","service":"sgl-slack"}
{"level":"info","message":"Slack Game Library v0.0.1","service":"sgl-main"}
{"level":"info","message":"Slack app running on: 3000","service":"sgl-main"}
{"level":"info","message":"[\"Going to establish a new connection to Slack ...\"]","service":"sgl-slack"}
{"level":"info","message":"[\"Now connected to Slack\"]","service":"sgl-slack"}
{"level":"info","message":"Slack Game Library v0.0.1","service":"sgl-main"}
{"level":"info","message":"Slack app running on: 3000","service":"sgl-main"}
{"level":"info","message":"[\"Going to establish a new connection to Slack ...\"]","service":"sgl-slack"}
{"level":"info","message":"[\"Now connected to Slack\"]","service":"sgl-slack"}
{"level":"info","message":"Slack Game Library v0.0.1","service":"sgl-main"}
{"level":"info","message":"Slack app running on: 3000","service":"sgl-main"}
{"level":"info","message":"[\"Going to establish a new connection to Slack ...\"]","service":"sgl-slack"}
{"level":"info","message":"[\"Now connected to Slack\"]","service":"sgl-slack"}
{"level":"info","message":"Slack Game Library v0.0.1","service":"sgl-main"}
{"level":"info","message":"Slack app running on: 3000","service":"sgl-main"}
{"level":"info","message":"[\"Going to establish a new connection to Slack ...\"]","service":"sgl-slack"}
{"level":"info","message":"[\"Now connected to Slack\"]","service":"sgl-slack"}
{"level":"info","message":"Slack Game Library v0.0.1","service":"sgl-main"}
{"level":"info","message":"Slack app running on: 3000","service":"sgl-main"}
{"level":"info","message":"[\"Going to establish a new connection to Slack ...\"]","service":"sgl-slack"}
{"level":"info","message":"[\"Now connected to Slack\"]","service":"sgl-slack"}
{"level":"info","message":"Slack Game Library v0.0.1","service":"sgl-main"}
{"level":"info","message":"Slack app running on: 3000","service":"sgl-main"}
{"level":"info","message":"[\"Going to establish a new connection to Slack ...\"]","service":"sgl-slack"}
{"level":"info","message":"[\"Now connected to Slack\"]","service":"sgl-slack"}
{"level":"info","message":"Slack Game Library v0.0.1","service":"sgl-main"}
{"level":"info","message":"Slack app running on: 3000","service":"sgl-main"}
{"level":"info","message":"[\"Going to establish a new connection to Slack ...\"]","service":"sgl-slack"}
{"level":"info","message":"[\"Now connected to Slack\"]","service":"sgl-slack"}
{"level":"info","message":"Slack Game Library v0.0.1","service":"sgl-main"}
{"level":"info","message":"Slack app running on: 3000","service":"sgl-main"}
{"level":"info","message":"[\"Going to establish a new connection to Slack ...\"]","service":"sgl-slack"}
{"level":"info","message":"[\"Now connected to Slack\"]","service":"sgl-slack"}
{"level":"info","message":"Slack Game Library v0.0.1","service":"sgl-main"}
{"level":"info","message":"Slack app running on: 3000","service":"sgl-main"}
{"level":"info","message":"[\"Going to establish a new connection to Slack ...\"]","service":"sgl-slack"}
{"level":"info","message":"[\"Now connected to Slack\"]","service":"sgl-slack"}
{"level":"info","message":"Slack Game Library v0.0.1","service":"sgl-main"}
{"level":"info","message":"Slack app running on: 3000","service":"sgl-main"}
{"level":"info","message":"[\"Going to establish a new connection to Slack ...\"]","service":"sgl-slack"}
{"level":"info","message":"[\"Now connected to Slack\"]","service":"sgl-slack"}
{"level":"info","message":"Slack Game Library v0.0.1","service":"sgl-main"}
{"level":"info","message":"Slack app running on: 3000","service":"sgl-main"}
{"level":"info","message":"[\"Going to establish a new connection to Slack ...\"]","service":"sgl-slack"}
{"level":"info","message":"[\"Now connected to Slack\"]","service":"sgl-slack"}
{"level":"info","message":"Slack Game Library v0.0.1","service":"sgl-main"}
{"level":"info","message":"Slack app running on: 3000","service":"sgl-main"}
{"level":"info","message":"[\"Going to establish a new connection to Slack ...\"]","service":"sgl-slack"}
{"level":"info","message":"[\"Now connected to Slack\"]","service":"sgl-slack"}
{"level":"info","message":"Slack Game Library v0.0.1","service":"sgl-main"}
{"level":"info","message":"Slack app running on: 3000","service":"sgl-main"}
{"level":"info","message":"[\"Going to establish a new connection to Slack ...\"]","service":"sgl-slack"}
{"level":"info","message":"[\"Now connected to Slack\"]","service":"sgl-slack"}
{"level":"info","message":"Slack Game Library v0.0.1","service":"sgl-main"}
{"level":"info","message":"Slack app running on: 3000","service":"sgl-main"}
{"level":"info","message":"[\"Going to establish a new connection to Slack ...\"]","service":"sgl-slack"}
{"level":"info","message":"[\"Now connected to Slack\"]","service":"sgl-slack"}
{"level":"info","message":"Slack Game Library v0.0.1","service":"sgl-main"}
{"level":"info","message":"Slack app running on: 3000","service":"sgl-main"}
{"level":"info","message":"[\"Going to establish a new connection to Slack ...\"]","service":"sgl-slack"}
{"level":"info","message":"[\"Now connected to Slack\"]","service":"sgl-slack"}
{"level":"info","message":"Slack Game Library v0.0.1","service":"sgl-main"}
{"level":"info","message":"Slack app running on: 3000","service":"sgl-main"}
{"level":"info","message":"[\"Going to establish a new connection to Slack ...\"]","service":"sgl-slack"}
{"level":"info","message":"[\"Now connected to Slack\"]","service":"sgl-slack"}
{"level":"info","message":"Slack Game Library v0.0.1","service":"sgl-main"}
{"level":"info","message":"Slack app running on: 3000","service":"sgl-main"}
{"level":"info","message":"[\"Going to establish a new connection to Slack ...\"]","service":"sgl-slack"}
{"level":"info","message":"[\"Now connected to Slack\"]","service":"sgl-slack"}
{"level":"info","message":"Slack Game Library v0.0.1","service":"sgl-main"}
{"level":"info","message":"Slack app running on: 3000","service":"sgl-main"}
{"level":"info","message":"[\"Going to establish a new connection to Slack ...\"]","service":"sgl-slack"}
{"level":"info","message":"[\"Now connected to Slack\"]","service":"sgl-slack"}
{"level":"info","message":"[\"A pong wasn't received from the server before the timeout of 5000ms!\"]","service":"sgl-slack"}
{"level":"info","message":"[\"Reconnecting to Slack ...\"]","service":"sgl-slack"}
{"level":"info","message":"[\"Going to establish a new connection to Slack ...\"]","service":"sgl-slack"}
{"level":"warn","message":"[\"http request failed\",\"getaddrinfo ENOTFOUND slack.com\"]","service":"sgl-slack"}
{"level":"info","message":"[\"Reconnecting to Slack ...\"]","service":"sgl-slack"}
{"level":"info","message":"[\"Going to establish a new connection to Slack ...\"]","service":"sgl-slack"}
{"level":"info","message":"[\"Now connected to Slack\"]","service":"sgl-slack"}
{"level":"info","message":"[\"A pong wasn't received from the server before the timeout of 5000ms!\"]","service":"sgl-slack"}
{"level":"info","message":"[\"Reconnecting to Slack ...\"]","service":"sgl-slack"}
{"level":"info","message":"[\"Going to establish a new connection to Slack ...\"]","service":"sgl-slack"}
{"level":"info","message":"[\"Reconnecting to Slack ...\"]","service":"sgl-slack"}
{"level":"info","message":"[\"Going to establish a new connection to Slack ...\"]","service":"sgl-slack"}
{"level":"warn","message":"[\"http request failed\",\"read ECONNRESET\"]","service":"sgl-slack"}
{"level":"warn","message":"[\"http request failed\",\"read ECONNRESET\"]","service":"sgl-slack"}
{"level":"error","message":"[\"An unhandled error occurred while Bolt processed (type: undefined, error: TypeError: Cannot read properties of undefined (reading 'event'))\"]","service":"sgl-slack"}
{"level":"info","message":"[\"Reconnecting to Slack ...\"]","service":"sgl-slack"}
{"level":"info","message":"[\"Going to establish a new connection to Slack ...\"]","service":"sgl-slack"}
{"level":"error","message":"[\"An unhandled error occurred while Bolt processed (type: undefined, error: TypeError: Cannot read properties of undefined (reading 'event'))\"]","service":"sgl-slack"}
{"level":"info","message":"[\"Reconnecting to Slack ...\"]","service":"sgl-slack"}
{"level":"info","message":"[\"Going to establish a new connection to Slack ...\"]","service":"sgl-slack"}
{"level":"error","message":"[\"An unhandled error occurred while Bolt processed (type: undefined, error: TypeError: Cannot read properties of undefined (reading 'event'))\"]","service":"sgl-slack"}
{"level":"info","message":"[\"Reconnecting to Slack ...\"]","service":"sgl-slack"}
{"level":"info","message":"[\"Going to establish a new connection to Slack ...\"]","service":"sgl-slack"}
{"level":"error","message":"[\"An unhandled error occurred while Bolt processed (type: undefined, error: TypeError: Cannot read properties of undefined (reading 'event'))\"]","service":"sgl-slack"}
{"level":"info","message":"[\"Reconnecting to Slack ...\"]","service":"sgl-slack"}
{"level":"info","message":"[\"Going to establish a new connection to Slack ...\"]","service":"sgl-slack"}
{"level":"info","message":"Slack Game Library v0.0.1","service":"sgl-main"}
{"level":"info","message":"Slack app running on: 3000","service":"sgl-main"}
{"level":"info","message":"[\"Going to establish a new connection to Slack ...\"]","service":"sgl-slack"}
{"level":"error","message":"[\"An unhandled error occurred while Bolt processed (type: undefined, error: TypeError: Cannot read properties of undefined (reading 'event'))\"]","service":"sgl-slack"}
{"level":"info","message":"[\"Reconnecting to Slack ...\"]","service":"sgl-slack"}
{"level":"info","message":"[\"Going to establish a new connection to Slack ...\"]","service":"sgl-slack"}
{"level":"error","message":"[\"An unhandled error occurred while Bolt processed (type: undefined, error: TypeError: Cannot read properties of undefined (reading 'event'))\"]","service":"sgl-slack"}
{"level":"info","message":"[\"Reconnecting to Slack ...\"]","service":"sgl-slack"}
{"level":"info","message":"[\"Going to establish a new connection to Slack ...\"]","service":"sgl-slack"}
{"level":"error","message":"[\"An unhandled error occurred while Bolt processed (type: undefined, error: TypeError: Cannot read properties of undefined (reading 'event'))\"]","service":"sgl-slack"}
{"level":"info","message":"[\"Reconnecting to Slack ...\"]","service":"sgl-slack"}
{"level":"info","message":"[\"Going to establish a new connection to Slack ...\"]","service":"sgl-slack"}
{"level":"info","message":"Slack Game Library v0.0.1","service":"sgl-main"}
{"level":"info","message":"Slack app running on: 3000","service":"sgl-main"}
{"level":"info","message":"[\"Going to establish a new connection to Slack ...\"]","service":"sgl-slack"}
{"level":"info","message":"[\"Now connected to Slack\"]","service":"sgl-slack"}
{"level":"info","message":"Slack Game Library v0.0.1","service":"sgl-main"}
{"level":"info","message":"Slack app running on: 3000","service":"sgl-main"}
{"level":"info","message":"[\"Going to establish a new connection to Slack ...\"]","service":"sgl-slack"}
{"level":"info","message":"[\"Now connected to Slack\"]","service":"sgl-slack"}
{"level":"info","message":"Slack Game Library v0.0.1","service":"sgl-main"}
{"level":"info","message":"Slack app running on: 3000","service":"sgl-main"}
{"level":"info","message":"[\"Going to establish a new connection to Slack ...\"]","service":"sgl-slack"}
{"level":"info","message":"[\"Now connected to Slack\"]","service":"sgl-slack"}
{"level":"error","message":"[\"`action_id` \\\"6d183944-f364-474c-961c-f29c7f6748ec\\\" already exists [json-pointer:view/blocks/2/elements/1/action_id]\"]","service":"sgl-slack"}
{"level":"info","message":"Slack Game Library v0.0.1","service":"sgl-main"}
{"level":"info","message":"Slack app running on: 3000","service":"sgl-main"}
{"level":"info","message":"[\"Going to establish a new connection to Slack ...\"]","service":"sgl-slack"}
{"level":"info","message":"[\"Now connected to Slack\"]","service":"sgl-slack"}
{"level":"info","message":"Slack Game Library v0.0.1","service":"sgl-main"}
{"level":"info","message":"Slack app running on: 3000","service":"sgl-main"}
{"level":"info","message":"[\"Going to establish a new connection to Slack ...\"]","service":"sgl-slack"}
{"level":"info","message":"[\"Now connected to Slack\"]","service":"sgl-slack"}
{"level":"info","message":"[\"A pong wasn't received from the server before the timeout of 5000ms!\"]","service":"sgl-slack"}
{"level":"info","message":"[\"Reconnecting to Slack ...\"]","service":"sgl-slack"}
{"level":"info","message":"[\"Going to establish a new connection to Slack ...\"]","service":"sgl-slack"}
{"level":"info","message":"[\"Reconnecting to Slack ...\"]","service":"sgl-slack"}
{"level":"info","message":"[\"Going to establish a new connection to Slack ...\"]","service":"sgl-slack"}
{"level":"info","message":"[\"Now connected to Slack\"]","service":"sgl-slack"}
{"level":"info","message":"Slack Game Library v0.0.1","service":"sgl-main"}
{"level":"info","message":"Slack app running on: 3000","service":"sgl-main"}
{"level":"info","message":"[\"Going to establish a new connection to Slack ...\"]","service":"sgl-slack"}
{"level":"info","message":"[\"Now connected to Slack\"]","service":"sgl-slack"}
{"level":"info","message":"Slack Game Library v0.0.1","service":"sgl-main"}
{"level":"info","message":"Slack app running on: 3000","service":"sgl-main"}
{"level":"info","message":"[\"Going to establish a new connection to Slack ...\"]","service":"sgl-slack"}
{"level":"info","message":"[\"Now connected to Slack\"]","service":"sgl-slack"}
{"level":"info","message":"Slack Game Library v0.0.1","service":"sgl-main"}
{"level":"info","message":"Slack app running on: 3000","service":"sgl-main"}
{"level":"info","message":"[\"Going to establish a new connection to Slack ...\"]","service":"sgl-slack"}
{"level":"info","message":"[\"Now connected to Slack\"]","service":"sgl-slack"}
{"level":"info","message":"Slack Game Library v0.0.1","service":"sgl-main"}
{"level":"info","message":"Slack app running on: 3000","service":"sgl-main"}
{"level":"info","message":"[\"Going to establish a new connection to Slack ...\"]","service":"sgl-slack"}
{"level":"info","message":"[\"Now connected to Slack\"]","service":"sgl-slack"}
{"level":"info","message":"Slack Game Library v0.0.1","service":"sgl-main"}
{"level":"info","message":"Slack app running on: 3000","service":"sgl-main"}
{"level":"warn","message":"Game file test_game.ts not found! Aborting game launch...","service":"sgl-main"}
{"level":"info","message":"Slack Game Library v0.0.1","service":"sgl-main"}
{"level":"info","message":"Slack app running on: 3000","service":"sgl-main"}
{"level":"warn","message":"Game file test_game.ts not found! Aborting game launch...","service":"sgl-main"}
{"level":"info","message":"Slack Game Library v0.0.1","service":"sgl-main"}
{"level":"info","message":"Slack app running on: 3000","service":"sgl-main"}
{"level":"info","message":"Slack Game Library v0.0.1","service":"sgl-main"}
{"level":"info","message":"Slack app running on: 3000","service":"sgl-main"}
{"level":"info","message":"Slack Game Library v0.0.1","service":"sgl-main"}
{"level":"info","message":"Slack app running on: 3000","service":"sgl-main"}
{"level":"info","message":"Slack Game Library v0.0.1","service":"sgl-main"}
{"level":"info","message":"Slack app running on: 3000","service":"sgl-main"}
{"level":"info","message":"Slack Game Library v0.0.1","service":"sgl-main"}
{"level":"info","message":"Slack app running on: 3000","service":"sgl-main"}
{"level":"info","message":"Slack Game Library v0.0.1","service":"sgl-main"}
{"level":"info","message":"Slack app running on: 3000","service":"sgl-main"}
{"level":"info","message":"Slack Game Library v0.0.1","service":"sgl-main"}
{"level":"info","message":"Slack app running on: 3000","service":"sgl-main"}
{"level":"info","message":"Slack Game Library v0.0.1","service":"sgl-main"}
{"level":"info","message":"Slack app running on: 3000","service":"sgl-main"}
{"level":"info","message":"Slack Game Library v0.0.1","service":"sgl-main"}
{"level":"info","message":"Slack app running on: 3000","service":"sgl-main"}
{"level":"info","message":"Slack Game Library v0.0.1","service":"sgl-main"}
{"level":"info","message":"Slack app running on: 3000","service":"sgl-main"}
{"level":"info","message":"Slack Game Library v0.0.1","service":"sgl-main"}
{"level":"info","message":"Slack app running on: 3000","service":"sgl-main"}
{"level":"info","message":"Slack Game Library v0.0.1","service":"sgl-main"}
{"level":"info","message":"Slack app running on: 3000","service":"sgl-main"}
{"level":"info","message":"Slack Game Library v0.0.1","service":"sgl-main"}
{"level":"info","message":"Slack app running on: 3000","service":"sgl-main"}
{"level":"info","message":"Slack Game Library v0.0.1","service":"sgl-main"}
{"level":"info","message":"Slack app running on: 3000","service":"sgl-main"}
{"level":"info","message":"Slack Game Library v0.0.1","service":"sgl-main"}
{"level":"info","message":"Slack app running on: 3000","service":"sgl-main"}
{"level":"info","message":"Slack Game Library v0.0.1","service":"sgl-main"}
{"level":"info","message":"Slack app running on: 3000","service":"sgl-main"}
{"level":"info","message":"Slack Game Library v0.0.1","service":"sgl-main"}
{"level":"info","message":"Slack app running on: 3000","service":"sgl-main"}
{"level":"info","message":"Slack Game Library v0.0.1","service":"sgl-main"}
{"level":"info","message":"Slack app running on: 3000","service":"sgl-main"}
{"level":"info","message":"Slack Game Library v0.0.1","service":"sgl-main"}
{"level":"info","message":"Slack app running on: 3000","service":"sgl-main"}
{"level":"info","message":"Slack Game Library v0.0.1","service":"sgl-main"}
{"level":"info","message":"Slack app running on: 3000","service":"sgl-main"}
{"level":"info","message":"Slack Game Library v0.0.1","service":"sgl-main"}
{"level":"info","message":"Slack app running on: 3000","service":"sgl-main"}
{"level":"info","message":"Slack Game Library v0.0.1","service":"sgl-main"}
{"level":"info","message":"Slack app running on: 3000","service":"sgl-main"}
{"level":"info","message":"Slack Game Library v0.0.1","service":"sgl-main"}
{"level":"info","message":"Slack app running on: 3000","service":"sgl-main"}
{"level":"info","message":"Slack Game Library v0.0.1","service":"sgl-main"}
{"level":"info","message":"Slack app running on: 3000","service":"sgl-main"}
{"level":"info","message":"Slack Game Library v0.0.1","service":"sgl-main"}
{"level":"info","message":"Slack app running on: 3000","service":"sgl-main"}
{"level":"info","message":"Slack Game Library v0.0.1","service":"sgl-main"}
{"level":"info","message":"Slack app running on: 3000","service":"sgl-main"}
{"level":"info","message":"Slack Game Library v0.0.1","service":"sgl-main"}
{"level":"info","message":"Slack app running on: 3000","service":"sgl-main"}
{"level":"info","message":"Slack Game Library v0.0.1","service":"sgl-main"}
{"level":"info","message":"Slack app running on: 3000","service":"sgl-main"}
{"level":"info","message":"Slack Game Library v0.0.1","service":"sgl-main"}
{"level":"info","message":"Slack app running on: 3000","service":"sgl-main"}
{"level":"info","message":"Slack Game Library v0.0.1","service":"sgl-main"}
{"level":"info","message":"Slack app running on: 3000","service":"sgl-main"}
{"level":"info","message":"Slack Game Library v0.0.1","service":"sgl-main"}
{"level":"info","message":"Slack app running on: 3000","service":"sgl-main"}
{"level":"info","message":"Slack Game Library v0.0.1","service":"sgl-main"}
{"level":"info","message":"Slack app running on: 3000","service":"sgl-main"}
{"level":"info","message":"Slack Game Library v0.0.1","service":"sgl-main"}
{"level":"info","message":"Slack app running on: 3000","service":"sgl-main"}
{"level":"info","message":"Slack Game Library v0.0.1","service":"sgl-main"}
{"level":"info","message":"Slack app running on: 3000","service":"sgl-main"}
{"level":"info","message":"Slack Game Library v0.0.1","service":"sgl-main"}
{"level":"info","message":"Slack app running on: 3000","service":"sgl-main"}
{"level":"warn","message":"Game file test_agames.ts not found! Aborting game launch...","service":"sgl-main"}
{"level":"info","message":"Slack Game Library v0.0.1","service":"sgl-main"}
{"level":"info","message":"Slack app running on: 3000","service":"sgl-main"}
{"level":"info","message":"Slack Game Library v0.0.1","service":"sgl-main"}
{"level":"info","message":"Slack app running on: 3000","service":"sgl-main"}
{"level":"info","message":"Slack Game Library v0.0.1","service":"sgl-main"}
{"level":"info","message":"Slack app running on: 3000","service":"sgl-main"}
{"level":"info","message":"Slack Game Library v0.0.1","service":"sgl-main"}
{"level":"info","message":"Slack app running on: 3000","service":"sgl-main"}
{"level":"info","message":"Slack Game Library v0.0.1","service":"sgl-main"}
{"level":"info","message":"Slack app running on: 3000","service":"sgl-main"}
{"level":"info","message":"Slack Game Library v0.0.1","service":"sgl-main"}
{"level":"info","message":"Slack app running on: 3000","service":"sgl-main"}
{"level":"info","message":"Slack Game Library v0.0.1","service":"sgl-main"}
{"level":"info","message":"Slack app running on: 3000","service":"sgl-main"}
{"level":"info","message":"Slack Game Library v0.0.1","service":"sgl-main"}
{"level":"info","message":"Slack app running on: 3000","service":"sgl-main"}
{"level":"info","message":"Slack Game Library v0.0.1","service":"sgl-main"}
{"level":"info","message":"Slack app running on: 3000","service":"sgl-main"}
{"level":"info","message":"Slack Game Library v0.0.1","service":"sgl-main"}
{"level":"info","message":"Slack Game Library v0.0.1","service":"sgl-main"}
{"level":"info","message":"Slack Game Library v0.0.1","service":"sgl-main"}
{"level":"info","message":"Slack app running on: 3000","service":"sgl-main"}
{"level":"info","message":"Slack Game Library v0.0.1","service":"sgl-main"}
{"level":"info","message":"Slack app running on: 3000","service":"sgl-main"}
{"level":"info","message":"Slack Game Library v0.0.1","service":"sgl-main"}
{"level":"info","message":"Slack app running on: 3000","service":"sgl-main"}
{"level":"info","message":"Slack Game Library v0.0.1","service":"sgl-main"}
{"level":"info","message":"Slack app running on: 3000","service":"sgl-main"}
{"level":"info","message":"Slack Game Library v0.0.1","service":"sgl-main"}
{"level":"info","message":"Slack app running on: 3000","service":"sgl-main"}
{"level":"info","message":"Slack Game Library v0.0.1","service":"sgl-main"}
{"level":"info","message":"Slack app running on: 3000","service":"sgl-main"}
{"level":"info","message":"Slack Game Library v0.0.1","service":"sgl-main"}
{"level":"info","message":"Slack app running on: 3000","service":"sgl-main"}
{"level":"info","message":"Slack Game Library v0.0.1","service":"sgl-main"}
{"level":"info","message":"Slack app running on: 3000","service":"sgl-main"}
{"level":"info","message":"Slack Game Library v0.0.1","service":"sgl-main"}
{"level":"info","message":"Slack app running on: 3000","service":"sgl-main"}
{"level":"info","message":"Slack Game Library v0.0.1","service":"sgl-main"}
{"level":"info","message":"Slack Game Library v0.0.1","service":"sgl-main"}
{"level":"info","message":"Slack app running on: 3000","service":"sgl-main"}
{"level":"info","message":"Slack Game Library v0.0.1","service":"sgl-main"}
{"level":"info","message":"Slack app running on: 3000","service":"sgl-main"}
{"level":"info","message":"Slack Game Library v0.0.1","service":"sgl-main"}
{"level":"info","message":"Slack app running on: 3000","service":"sgl-main"}
{"level":"info","message":"Slack Game Library v0.0.1","service":"sgl-main"}
{"level":"info","message":"Slack app running on: 3000","service":"sgl-main"}
{"level":"info","message":"Slack Game Library v0.0.1","service":"sgl-main"}
{"level":"info","message":"Slack app running on: 3000","service":"sgl-main"}
{"level":"info","message":"Slack Game Library v0.0.1","service":"sgl-main"}
{"level":"info","message":"Slack app running on: 3000","service":"sgl-main"}
{"level":"info","message":"Slack Game Library v0.0.1","service":"sgl-main"}
{"level":"info","message":"Slack app running on: 3000","service":"sgl-main"}
{"level":"info","message":"Slack Game Library v0.0.1","service":"sgl-main"}
{"level":"info","message":"Slack app running on: 3000","service":"sgl-main"}
{"level":"info","message":"Slack Game Library v0.0.1","service":"sgl-main"}
{"level":"info","message":"Slack app running on: 3000","service":"sgl-main"}
{"level":"info","message":"Slack Game Library v0.0.1","service":"sgl-main"}
{"level":"info","message":"Slack app running on: 3000","service":"sgl-main"}
{"level":"info","message":"Slack Game Library v0.0.1","service":"sgl-main"}
{"level":"info","message":"Slack app running on: 3000","service":"sgl-main"}
{"level":"info","message":"Slack Game Library v0.0.1","service":"sgl-main"}
{"level":"info","message":"Slack app running on: 3000","service":"sgl-main"}
{"level":"info","message":"Slack Game Library v0.0.1","service":"sgl-main"}
{"level":"info","message":"Slack app running on: 3000","service":"sgl-main"}
{"level":"info","message":"Slack Game Library v0.0.1","service":"sgl-main"}
{"level":"info","message":"Slack app running on: 3000","service":"sgl-main"}
{"level":"info","message":"Slack Game Library v0.0.1","service":"sgl-main"}
{"level":"info","message":"Slack app running on: 3000","service":"sgl-main"}
{"level":"info","message":"Slack Game Library v0.0.1","service":"sgl-main"}
{"level":"info","message":"Slack app running on: 3000","service":"sgl-main"}
{"level":"info","message":"Slack Game Library v0.0.1","service":"sgl-main"}
{"level":"info","message":"Slack app running on: 3000","service":"sgl-main"}
{"level":"info","message":"Slack Game Library v0.0.1","service":"sgl-main"}
{"level":"info","message":"Slack app running on: 3000","service":"sgl-main"}
{"level":"info","message":"Slack Game Library v0.0.1","service":"sgl-main"}
{"level":"info","message":"Slack app running on: 3000","service":"sgl-main"}
{"level":"info","message":"Slack Game Library v0.0.1","service":"sgl-main"}
{"level":"info","message":"Slack app running on: 3000","service":"sgl-main"}
{"level":"info","message":"Slack Game Library v0.0.1","service":"sgl-main"}
{"level":"info","message":"Slack app running on: 3000","service":"sgl-main"}
{"level":"info","message":"Slack Game Library v0.0.1","service":"sgl-main"}
{"level":"info","message":"Slack app running on: 3000","service":"sgl-main"}
{"level":"info","message":"Slack Game Library v0.0.1","service":"sgl-main"}
{"level":"info","message":"Slack app running on: 3000","service":"sgl-main"}
{"level":"info","message":"Slack Game Library v0.0.1","service":"sgl-main"}
{"level":"info","message":"Slack app running on: 3000","service":"sgl-main"}
{"level":"info","message":"Slack Game Library v0.0.1","service":"sgl-main"}
{"level":"info","message":"Slack app running on: 3000","service":"sgl-main"}
{"level":"info","message":"Slack Game Library v0.0.1","service":"sgl-main"}
{"level":"info","message":"Slack app running on: 3000","service":"sgl-main"}
{"level":"info","message":"Slack Game Library v0.0.1","service":"sgl-main"}
{"level":"info","message":"Slack app running on: 3000","service":"sgl-main"}
{"level":"info","message":"Slack Game Library v0.0.1","service":"sgl-main"}
{"level":"info","message":"Slack app running on: 3000","service":"sgl-main"}
{"level":"info","message":"Slack Game Library v0.0.1","service":"sgl-main"}
{"level":"info","message":"Slack app running on: 3000","service":"sgl-main"}
{"level":"info","message":"Slack Game Library v0.0.1","service":"sgl-main"}
{"level":"info","message":"Slack app running on: 3000","service":"sgl-main"}
{"level":"info","message":"Slack Game Library v0.0.1","service":"sgl-main"}
{"level":"info","message":"Slack app running on: 3000","service":"sgl-main"}
{"level":"info","message":"Slack Game Library v0.0.1","service":"sgl-main"}
{"level":"info","message":"Slack app running on: 3000","service":"sgl-main"}
{"level":"info","message":"Slack Game Library v0.0.1","service":"sgl-main"}
{"level":"info","message":"Slack app running on: 3000","service":"sgl-main"}
{"level":"info","message":"Slack Game Library v0.0.1","service":"sgl-main"}
{"level":"info","message":"Slack app running on: 3000","service":"sgl-main"}
{"level":"info","message":"Slack Game Library v0.0.1","service":"sgl-main"}
{"level":"info","message":"Slack app running on: 3000","service":"sgl-main"}
{"level":"info","message":"Slack Game Library v0.0.1","service":"sgl-main"}
{"level":"info","message":"Slack app running on: 3000","service":"sgl-main"}
{"level":"info","message":"Slack Game Library v0.0.1","service":"sgl-main"}
{"level":"info","message":"Slack app running on: 3000","service":"sgl-main"}
{"level":"info","message":"Slack Game Library v0.0.1","service":"sgl-main"}
{"level":"info","message":"Slack app running on: 3000","service":"sgl-main"}
{"level":"info","message":"Slack Game Library v0.0.1","service":"sgl-main"}
{"level":"info","message":"Slack app running on: 3000","service":"sgl-main"}
{"level":"info","message":"Slack Game Library v0.0.1","service":"sgl-main"}
{"level":"info","message":"Slack app running on: 3000","service":"sgl-main"}
{"level":"info","message":"Slack Game Library v0.0.1","service":"sgl-main"}
{"level":"info","message":"Slack app running on: 3000","service":"sgl-main"}
{"level":"info","message":"Slack Game Library v0.0.1","service":"sgl-main"}
{"level":"info","message":"Slack app running on: 3000","service":"sgl-main"}
